2023-07-29 17:53:43.036  INFO 146664 --- [restartedMain] s.o.d.mscartoes.MscartoesApplication     : Starting MscartoesApplication using Java 20.0.1 on dnsouza-notebook with PID 146664 (/home/dnsouza/projects/spring-cloud/mscartoes/target/classes started by dnsouza in /home/dnsouza/projects/spring-cloud/mscartoes)
2023-07-29 17:53:43.060  INFO 146664 --- [restartedMain] s.o.d.mscartoes.MscartoesApplication     : No active profile set, falling back to 1 default profile: "default"
2023-07-29 17:53:43.468  INFO 146664 --- [restartedMain] .e.DevToolsPropertyDefaultsPostProcessor : Devtools property defaults active! Set 'spring.devtools.add-properties' to 'false' to disable
2023-07-29 17:53:43.494  INFO 146664 --- [restartedMain] .e.DevToolsPropertyDefaultsPostProcessor : For additional web related logging consider setting the 'logging.level.web' property to 'DEBUG'
2023-07-29 17:53:53.325  INFO 146664 --- [restartedMain] .s.d.r.c.RepositoryConfigurationDelegate : Bootstrapping Spring Data JPA repositories in DEFAULT mode.
2023-07-29 17:53:54.631  INFO 146664 --- [restartedMain] .s.d.r.c.RepositoryConfigurationDelegate : Finished Spring Data repository scanning in 1194 ms. Found 2 JPA repository interfaces.
2023-07-29 17:53:57.737  INFO 146664 --- [restartedMain] o.s.cloud.context.scope.GenericScope     : BeanFactory id=321fecf2-b333-33fb-91ec-3c45c02ede9b
2023-07-29 17:54:05.192  INFO 146664 --- [restartedMain] o.s.b.w.embedded.tomcat.TomcatWebServer  : Tomcat initialized with port(s): 0 (http)
2023-07-29 17:54:05.212  INFO 146664 --- [restartedMain] o.apache.catalina.core.StandardService   : Starting service [Tomcat]
2023-07-29 17:54:05.213  INFO 146664 --- [restartedMain] org.apache.catalina.core.StandardEngine  : Starting Servlet engine: [Apache Tomcat/9.0.62]
2023-07-29 17:54:05.383  INFO 146664 --- [restartedMain] o.a.c.c.C.[Tomcat].[localhost].[/]       : Initializing Spring embedded WebApplicationContext
2023-07-29 17:54:05.384  INFO 146664 --- [restartedMain] w.s.c.ServletWebServerApplicationContext : Root WebApplicationContext: initialization completed in 21889 ms
2023-07-29 17:54:05.480  INFO 146664 --- [restartedMain] com.zaxxer.hikari.HikariDataSource       : HikariPool-1 - Starting...
2023-07-29 17:54:06.965  INFO 146664 --- [restartedMain] com.zaxxer.hikari.HikariDataSource       : HikariPool-1 - Start completed.
2023-07-29 17:54:07.124  INFO 146664 --- [restartedMain] o.s.b.a.h2.H2ConsoleAutoConfiguration    : H2 console available at '/h2-console'. Database available at 'jdbc:h2:mem:52a54b6d-39d4-4d2a-acee-3a25a70ecbef'
2023-07-29 17:54:09.229  INFO 146664 --- [restartedMain] o.hibernate.jpa.internal.util.LogHelper  : HHH000204: Processing PersistenceUnitInfo [name: default]
2023-07-29 17:54:09.958  INFO 146664 --- [restartedMain] org.hibernate.Version                    : HHH000412: Hibernate ORM core version 5.6.8.Final
2023-07-29 17:54:10.886  INFO 146664 --- [restartedMain] o.hibernate.annotations.common.Version   : HCANN000001: Hibernate Commons Annotations {5.1.2.Final}
2023-07-29 17:54:12.032  INFO 146664 --- [restartedMain] org.hibernate.dialect.Dialect            : HHH000400: Using dialect: org.hibernate.dialect.H2Dialect
2023-07-29 17:54:14.101  INFO 146664 --- [restartedMain] o.h.e.t.j.p.i.JtaPlatformInitiator       : HHH000490: Using JtaPlatform implementation: [org.hibernate.engine.transaction.jta.platform.internal.NoJtaPlatform]
2023-07-29 17:54:14.132  INFO 146664 --- [restartedMain] j.LocalContainerEntityManagerFactoryBean : Initialized JPA EntityManagerFactory for persistence unit 'default'
2023-07-29 17:54:16.232  WARN 146664 --- [restartedMain] JpaBaseConfiguration$JpaWebConfiguration : spring.jpa.open-in-view is enabled by default. Therefore, database queries may be performed during view rendering. Explicitly configure spring.jpa.open-in-view to disable this warning
2023-07-29 17:54:20.476  WARN 146664 --- [restartedMain] o.s.b.d.a.OptionalLiveReloadServer       : Unable to start LiveReload server
2023-07-29 17:54:20.886  INFO 146664 --- [restartedMain] DiscoveryClientOptionalArgsConfiguration : Eureka HTTP Client uses RestTemplate.
2023-07-29 17:54:21.806  WARN 146664 --- [restartedMain] iguration$LoadBalancerCaffeineWarnLogger : Spring Cloud LoadBalancer is currently working with the default cache. While this cache implementation is useful for development and tests, it's recommended to use Caffeine cache in production.You can switch to using Caffeine cache, by adding it and org.springframework.cache.caffeine.CaffeineCacheManager to the classpath.
2023-07-29 17:54:22.218  INFO 146664 --- [restartedMain] o.s.b.w.embedded.tomcat.TomcatWebServer  : Tomcat started on port(s): 44515 (http) with context path ''
2023-07-29 17:54:22.225  INFO 146664 --- [restartedMain] .s.c.n.e.s.EurekaAutoServiceRegistration : Updating port to 44515
2023-07-29 17:54:22.259  INFO 146664 --- [restartedMain] o.s.c.n.eureka.InstanceInfoFactory       : Setting initial instance status as: STARTING
2023-07-29 17:54:22.818  INFO 146664 --- [restartedMain] com.netflix.discovery.DiscoveryClient    : Initializing Eureka in region us-east-1
2023-07-29 17:54:22.832  INFO 146664 --- [restartedMain] c.n.d.s.r.aws.ConfigClusterResolver      : Resolving eureka endpoints via configuration
2023-07-29 17:54:22.911  INFO 146664 --- [restartedMain] com.netflix.discovery.DiscoveryClient    : Disable delta property : false
2023-07-29 17:54:22.912  INFO 146664 --- [restartedMain] com.netflix.discovery.DiscoveryClient    : Single vip registry refresh property : null
2023-07-29 17:54:22.912  INFO 146664 --- [restartedMain] com.netflix.discovery.DiscoveryClient    : Force full registry fetch : false
2023-07-29 17:54:22.912  INFO 146664 --- [restartedMain] com.netflix.discovery.DiscoveryClient    : Application is null : false
2023-07-29 17:54:22.912  INFO 146664 --- [restartedMain] com.netflix.discovery.DiscoveryClient    : Registered Applications size is zero : true
2023-07-29 17:54:22.912  INFO 146664 --- [restartedMain] com.netflix.discovery.DiscoveryClient    : Application version is -1: true
2023-07-29 17:54:22.913  INFO 146664 --- [restartedMain] com.netflix.discovery.DiscoveryClient    : Getting all instance registry info from the eureka server
2023-07-29 17:54:24.842  INFO 146664 --- [restartedMain] com.netflix.discovery.DiscoveryClient    : The response status is 200
2023-07-29 17:54:24.875  INFO 146664 --- [restartedMain] com.netflix.discovery.DiscoveryClient    : Starting heartbeat executor: renew interval is: 30
2023-07-29 17:54:24.891  INFO 146664 --- [restartedMain] c.n.discovery.InstanceInfoReplicator     : InstanceInfoReplicator onDemand update allowed rate per min is 4
2023-07-29 17:54:24.927  INFO 146664 --- [restartedMain] com.netflix.discovery.DiscoveryClient    : Discovery Client initialized at timestamp 1690664064915 with initial instances count: 0
2023-07-29 17:54:24.947  INFO 146664 --- [restartedMain] o.s.c.n.e.s.EurekaServiceRegistry        : Registering application MSCARTOES with eureka with status UP
2023-07-29 17:54:24.948  INFO 146664 --- [restartedMain] com.netflix.discovery.DiscoveryClient    : Saw local status change event StatusChangeEvent [timestamp=1690664064948, current=UP, previous=STARTING]
2023-07-29 17:54:24.960  INFO 146664 --- [DiscoveryClient-InstanceInfoReplicator-0] com.netflix.discovery.DiscoveryClient    : DiscoveryClient_MSCARTOES/192.168.100.9:mscartoes:77539a00962b71bd857a7076b5dbff6e: registering service...
2023-07-29 17:54:25.035  INFO 146664 --- [restartedMain] o.s.a.r.c.CachingConnectionFactory       : Attempting to connect to: [localhost:5672]
2023-07-29 17:54:25.388  INFO 146664 --- [restartedMain] o.s.a.r.c.CachingConnectionFactory       : Created new connection: rabbitConnectionFactory#6c6a5115:0/SimpleConnection@1c7b7dc0 [delegate=amqp://guest@127.0.0.1:5672/, localPort= 59026]
2023-07-29 17:54:25.695  INFO 146664 --- [DiscoveryClient-InstanceInfoReplicator-0] com.netflix.discovery.DiscoveryClient    : DiscoveryClient_MSCARTOES/192.168.100.9:mscartoes:77539a00962b71bd857a7076b5dbff6e - registration status: 204
2023-07-29 17:54:25.762  INFO 146664 --- [restartedMain] s.o.d.mscartoes.MscartoesApplication     : Started MscartoesApplication in 47.74 seconds (JVM running for 53.858)
2023-07-29 17:54:54.874  INFO 146664 --- [DiscoveryClient-CacheRefreshExecutor-0] com.netflix.discovery.DiscoveryClient    : Disable delta property : false
2023-07-29 17:54:54.877  INFO 146664 --- [DiscoveryClient-CacheRefreshExecutor-0] com.netflix.discovery.DiscoveryClient    : Single vip registry refresh property : null
2023-07-29 17:54:54.877  INFO 146664 --- [DiscoveryClient-CacheRefreshExecutor-0] com.netflix.discovery.DiscoveryClient    : Force full registry fetch : false
2023-07-29 17:54:54.878  INFO 146664 --- [DiscoveryClient-CacheRefreshExecutor-0] com.netflix.discovery.DiscoveryClient    : Application is null : false
2023-07-29 17:54:54.879  INFO 146664 --- [DiscoveryClient-CacheRefreshExecutor-0] com.netflix.discovery.DiscoveryClient    : Registered Applications size is zero : true
2023-07-29 17:54:54.879  INFO 146664 --- [DiscoveryClient-CacheRefreshExecutor-0] com.netflix.discovery.DiscoveryClient    : Application version is -1: false
2023-07-29 17:54:54.880  INFO 146664 --- [DiscoveryClient-CacheRefreshExecutor-0] com.netflix.discovery.DiscoveryClient    : Getting all instance registry info from the eureka server
2023-07-29 17:54:55.123  INFO 146664 --- [DiscoveryClient-CacheRefreshExecutor-0] com.netflix.discovery.DiscoveryClient    : The response status is 200
